#
# There is insufficient memory for the Java Runtime Environment to continue.
# Native memory allocation (mmap) failed to map 1073741824 bytes. Error detail: committing reserved memory.
# Possible reasons:
#   The system is out of physical RAM or swap space
#   This process is running with CompressedOops enabled, and the Java Heap may be blocking the growth of the native heap
# Possible solutions:
#   Reduce memory load on the system
#   Increase physical memory or swap space
#   Check if swap backing store is full
#   Decrease Java heap size (-Xmx/-Xms)
#   Decrease number of Java threads
#   Decrease Java thread stack sizes (-Xss)
#   Set larger code cache with -XX:ReservedCodeCacheSize=
#   JVM is running with Unscaled Compressed Oops mode in which the Java heap is
#     placed in the first 4GB address space. The Java Heap base address is the
#     maximum limit for the native heap growth. Please use -XX:HeapBaseMinAddress
#     to set the Java Heap base and to place the Java Heap above 4GB virtual address.
# This output file may be truncated or incomplete.
#
#  Out of Memory Error (os_linux.cpp:2832), pid=7462, tid=7816
#
# JRE version:  (17.0.15+6) (build )
# Java VM: OpenJDK 64-Bit Server VM (17.0.15+6-Ubuntu-0ubuntu122.04, mixed mode, sharing, tiered, compressed oops, compressed class ptrs, g1 gc, linux-amd64)
# Core dump will be written. Default location: Core dumps may be processed with "/usr/share/apport/apport -p%p -s%s -c%c -d%d -P%P -u%u -g%g -- %E" (or dumping to /opt/scripts/kafka_2.13-4.0.0/core.7462)
#

---------------  S U M M A R Y ------------

Command Line: -Xmx1G -Xms1G -XX:+UseG1GC -XX:MaxGCPauseMillis=20 -XX:InitiatingHeapOccupancyPercent=35 -XX:+ExplicitGCInvokesConcurrent -XX:MaxInlineLevel=15 -Djava.awt.headless=true -Xlog:gc*:file=/opt/scripts/kafka_2.13-4.0.0/bin/../logs/kafkaServer-gc.log:time,tags:filecount=10,filesize=100M -Dcom.sun.management.jmxremote=true -Dcom.sun.management.jmxremote.authenticate=false -Dcom.sun.management.jmxremote.ssl=false -Dkafka.logs.dir=/opt/scripts/kafka_2.13-4.0.0/bin/../logs -Dlog4j2.configurationFile=bin/../config/log4j2.yaml kafka.Kafka config/server.properties

Host: AMD Ryzen 7 5800H with Radeon Graphics, 2 cores, 957M, Ubuntu 22.04.5 LTS
Time: Sat May 31 13:20:21 2025 UTC elapsed time: 0.034963 seconds (0d 0h 0m 0s)

---------------  T H R E A D  ---------------

Current thread (0x00007fc19401b750):  JavaThread "Unknown thread" [_thread_in_vm, id=7816, stack(0x00007fc198697000,0x00007fc198797000)]

Stack: [0x00007fc198697000,0x00007fc198797000],  sp=0x00007fc1987953c0,  free space=1016k
Native frames: (J=compiled Java code, j=interpreted, Vv=VM code, C=native code)
V  [libjvm.so+0xf43265]  VMError::report_and_die(int, char const*, char const*, __va_list_tag*, Thread*, unsigned char*, void*, void*, char const*, int, unsigned long)+0x175
V  [libjvm.so+0xf43de1]  VMError::report_and_die(Thread*, char const*, int, unsigned long, VMErrorType, char const*, __va_list_tag*)+0x31
V  [libjvm.so+0x611080]  report_vm_out_of_memory(char const*, int, unsigned long, VMErrorType, char const*, ...)+0xe0
V  [libjvm.so+0xc46543]  os::pd_commit_memory_or_exit(char*, unsigned long, unsigned long, bool, char const*)+0xf3
V  [libjvm.so+0xc3ff71]  os::commit_memory_or_exit(char*, unsigned long, unsigned long, bool, char const*)+0x21
V  [libjvm.so+0x74137e]  G1PageBasedVirtualSpace::commit(unsigned long, unsigned long)+0x18e
V  [libjvm.so+0x755e71]  G1RegionsLargerThanCommitSizeMapper::commit_regions(unsigned int, unsigned long, WorkGang*)+0x1a1
V  [libjvm.so+0x7ecc3c]  HeapRegionManager::commit_regions(unsigned int, unsigned long, WorkGang*)+0x5c
V  [libjvm.so+0x7eeb36]  HeapRegionManager::expand(unsigned int, unsigned int, WorkGang*)+0x36
V  [libjvm.so+0x7eed5e]  HeapRegionManager::expand_by(unsigned int, WorkGang*)+0x7e
V  [libjvm.so+0x6fa547]  G1CollectedHeap::expand(unsigned long, WorkGang*, double*)+0xf7
V  [libjvm.so+0x6facff]  G1CollectedHeap::initialize()+0x72f
V  [libjvm.so+0xeedeca]  universe_init()+0xda
V  [libjvm.so+0x80f6bb]  init_globals()+0x3b
V  [libjvm.so+0xec3a2f]  Threads::create_vm(JavaVMInitArgs*, bool*)+0x36f
V  [libjvm.so+0x8d2af3]  JNI_CreateJavaVM+0x53
C  [libjli.so+0x3d43]  JavaMain+0x93
C  [libjli.so+0x7fdd]  ThreadJavaMain+0xd


---------------  P R O C E S S  ---------------

Threads class SMR info:
_java_thread_list=0x00007fc199e514a0, length=0, elements={
}

Java Threads: ( => current thread )

Other Threads:
  0x00007fc1940593d0 GCTaskThread "GC Thread#0" [stack: 0x00007fc17b04c000,0x00007fc17b14c000] [id=7817]
  0x00007fc1940629b0 ConcurrentGCThread "G1 Main Marker" [stack: 0x00007fc17af4b000,0x00007fc17b04b000] [id=7818]
  0x00007fc194063920 ConcurrentGCThread "G1 Conc#0" [stack: 0x00007fc17ae4a000,0x00007fc17af4a000] [id=7819]

[error occurred during error reporting (printing all threads), id 0xb, SIGSEGV (0xb) at pc=0x00007fc1991dd014]

VM state: not at safepoint (not fully initialized)

VM Mutex/Monitor currently owned by a thread:  ([mutex/lock_event])
[0x00007fc1940190a0] Heap_lock - owner thread: 0x00007fc19401b750

Heap address: 0x00000000c0000000, size: 1024 MB, Compressed Oops mode: 32-bit

CDS archive(s) mapped at: [0x0000000000000000-0x0000000000000000-0x0000000000000000), size 0, SharedBaseAddress: 0x0000000800000000, ArchiveRelocationMode: 1.
Narrow klass base: 0x0000000000000000, Narrow klass shift: 0, Narrow klass range: 0x0

GC Precious Log:
<Empty>

Heap:
 garbage-first heap   total 0K, used 0K [0x00000000c0000000, 0x0000000100000000)
  region size 1024K, 0 young (0K), 0 survivors (0K)

[error occurred during error reporting (printing heap information), id 0xb, SIGSEGV (0xb) at pc=0x00007fc1997ba44e]

GC Heap History (0 events):
No events

Dll operation events (1 events):
Event: 0.007 Loaded shared library /usr/lib/jvm/java-17-openjdk-amd64/lib/libjava.so

Deoptimization events (0 events):
No events

Classes loaded (0 events):
No events

Classes unloaded (0 events):
No events

Classes redefined (0 events):
No events

Internal exceptions (0 events):
No events

VM Operations (0 events):
No events

Memory protections (1 events):
Event: 0.007 Protecting memory [0x00007fc198697000,0x00007fc19869b000] with protection modes 0

Nmethod flushes (0 events):
No events

Events (0 events):
No events


Dynamic libraries:
556324810000-556324811000 r--p 00000000 08:01 270952                     /usr/lib/jvm/java-17-openjdk-amd64/bin/java
556324811000-556324812000 r-xp 00001000 08:01 270952                     /usr/lib/jvm/java-17-openjdk-amd64/bin/java
556324812000-556324813000 r--p 00002000 08:01 270952                     /usr/lib/jvm/java-17-openjdk-amd64/bin/java
556324813000-556324814000 r--p 00002000 08:01 270952                     /usr/lib/jvm/java-17-openjdk-amd64/bin/java
556324814000-556324815000 rw-p 00003000 08:01 270952                     /usr/lib/jvm/java-17-openjdk-amd64/bin/java
556333e8a000-556333ed3000 rw-p 00000000 00:00 0                          [heap]
7fc16c000000-7fc16c021000 rw-p 00000000 00:00 0 
7fc16c021000-7fc170000000 ---p 00000000 00:00 0 
7fc170000000-7fc170021000 rw-p 00000000 00:00 0 
7fc170021000-7fc174000000 ---p 00000000 00:00 0 
7fc174000000-7fc174021000 rw-p 00000000 00:00 0 
7fc174021000-7fc178000000 ---p 00000000 00:00 0 
7fc178865000-7fc17ae49000 rw-p 00000000 00:00 0 
7fc17ae49000-7fc17ae4a000 ---p 00000000 00:00 0 
7fc17ae4a000-7fc17af4a000 rw-p 00000000 00:00 0 
7fc17af4a000-7fc17af4b000 ---p 00000000 00:00 0 
7fc17af4b000-7fc17b04b000 rw-p 00000000 00:00 0 
7fc17b04b000-7fc17b04c000 ---p 00000000 00:00 0 
7fc17b04c000-7fc17b14c000 rw-p 00000000 00:00 0 
7fc17b14c000-7fc17d54c000 ---p 00000000 00:00 0 
7fc17d54c000-7fc17d7bc000 rwxp 00000000 00:00 0 
7fc17d7bc000-7fc184a84000 ---p 00000000 00:00 0 
7fc184a84000-7fc184cf4000 rwxp 00000000 00:00 0 
7fc184cf4000-7fc185013000 ---p 00000000 00:00 0 
7fc185013000-7fc185283000 rwxp 00000000 00:00 0 
7fc185283000-7fc18c54c000 ---p 00000000 00:00 0 
7fc18c54c000-7fc194000000 r--s 00000000 08:01 271103                     /usr/lib/jvm/java-17-openjdk-amd64/lib/modules
7fc194000000-7fc194079000 rw-p 00000000 00:00 0 
7fc194079000-7fc198000000 ---p 00000000 00:00 0 
7fc198057000-7fc19807a000 rw-p 00000000 00:00 0 
7fc19807a000-7fc19827a000 ---p 00000000 00:00 0 
7fc19827a000-7fc198481000 rw-p 00000000 00:00 0 
7fc198481000-7fc198567000 ---p 00000000 00:00 0 
7fc198567000-7fc19856c000 rw-p 00000000 00:00 0 
7fc19856c000-7fc198652000 ---p 00000000 00:00 0 
7fc198652000-7fc198657000 rw-p 00000000 00:00 0 
7fc198657000-7fc19865e000 ---p 00000000 00:00 0 
7fc19865e000-7fc19866a000 r--p 00000000 08:01 271081                     /usr/lib/jvm/java-17-openjdk-amd64/lib/libjava.so
7fc19866a000-7fc19867d000 r-xp 0000c000 08:01 271081                     /usr/lib/jvm/java-17-openjdk-amd64/lib/libjava.so
7fc19867d000-7fc198683000 r--p 0001f000 08:01 271081                     /usr/lib/jvm/java-17-openjdk-amd64/lib/libjava.so
7fc198683000-7fc198684000 r--p 00024000 08:01 271081                     /usr/lib/jvm/java-17-openjdk-amd64/lib/libjava.so
7fc198684000-7fc198685000 rw-p 00025000 08:01 271081                     /usr/lib/jvm/java-17-openjdk-amd64/lib/libjava.so
7fc198685000-7fc198686000 rw-p 00000000 00:00 0 
7fc198686000-7fc19868e000 rw-s 00000000 08:01 512731                     /tmp/hsperfdata_root/7462
7fc19868e000-7fc198690000 r--p 00000000 08:01 271084                     /usr/lib/jvm/java-17-openjdk-amd64/lib/libjimage.so
7fc198690000-7fc198693000 r-xp 00002000 08:01 271084                     /usr/lib/jvm/java-17-openjdk-amd64/lib/libjimage.so
7fc198693000-7fc198694000 r--p 00005000 08:01 271084                     /usr/lib/jvm/java-17-openjdk-amd64/lib/libjimage.so
7fc198694000-7fc198695000 ---p 00006000 08:01 271084                     /usr/lib/jvm/java-17-openjdk-amd64/lib/libjimage.so
7fc198695000-7fc198696000 r--p 00006000 08:01 271084                     /usr/lib/jvm/java-17-openjdk-amd64/lib/libjimage.so
7fc198696000-7fc198697000 rw-p 00007000 08:01 271084                     /usr/lib/jvm/java-17-openjdk-amd64/lib/libjimage.so
7fc198697000-7fc19869b000 ---p 00000000 00:00 0 
7fc19869b000-7fc198797000 rw-p 00000000 00:00 0 
7fc198797000-7fc19879a000 r--p 00000000 08:01 5021                       /usr/lib/x86_64-linux-gnu/libgcc_s.so.1
7fc19879a000-7fc1987b1000 r-xp 00003000 08:01 5021                       /usr/lib/x86_64-linux-gnu/libgcc_s.so.1
7fc1987b1000-7fc1987b5000 r--p 0001a000 08:01 5021                       /usr/lib/x86_64-linux-gnu/libgcc_s.so.1
7fc1987b5000-7fc1987b6000 r--p 0001d000 08:01 5021                       /usr/lib/x86_64-linux-gnu/libgcc_s.so.1
7fc1987b6000-7fc1987b7000 rw-p 0001e000 08:01 5021                       /usr/lib/x86_64-linux-gnu/libgcc_s.so.1
7fc1987b7000-7fc1987c5000 r--p 00000000 08:01 5028                       /usr/lib/x86_64-linux-gnu/libm.so.6
7fc1987c5000-7fc198841000 r-xp 0000e000 08:01 5028                       /usr/lib/x86_64-linux-gnu/libm.so.6
7fc198841000-7fc19889c000 r--p 0008a000 08:01 5028                       /usr/lib/x86_64-linux-gnu/libm.so.6
7fc19889c000-7fc19889d000 r--p 000e4000 08:01 5028                       /usr/lib/x86_64-linux-gnu/libm.so.6
7fc19889d000-7fc19889e000 rw-p 000e5000 08:01 5028                       /usr/lib/x86_64-linux-gnu/libm.so.6
7fc19889e000-7fc198938000 r--p 00000000 08:01 5020                       /usr/lib/x86_64-linux-gnu/libstdc++.so.6.0.30
7fc198938000-7fc198a49000 r-xp 0009a000 08:01 5020                       /usr/lib/x86_64-linux-gnu/libstdc++.so.6.0.30
7fc198a49000-7fc198ab8000 r--p 001ab000 08:01 5020                       /usr/lib/x86_64-linux-gnu/libstdc++.so.6.0.30
7fc198ab8000-7fc198ab9000 ---p 0021a000 08:01 5020                       /usr/lib/x86_64-linux-gnu/libstdc++.so.6.0.30
7fc198ab9000-7fc198ac4000 r--p 0021a000 08:01 5020                       /usr/lib/x86_64-linux-gnu/libstdc++.so.6.0.30
7fc198ac4000-7fc198ac7000 rw-p 00225000 08:01 5020                       /usr/lib/x86_64-linux-gnu/libstdc++.so.6.0.30
7fc198ac7000-7fc198aca000 rw-p 00000000 00:00 0 
7fc198aca000-7fc198d1b000 r--p 00000000 08:01 271109                     /usr/lib/jvm/java-17-openjdk-amd64/lib/server/libjvm.so
7fc198d1b000-7fc199a90000 r-xp 00251000 08:01 271109                     /usr/lib/jvm/java-17-openjdk-amd64/lib/server/libjvm.so
7fc199a90000-7fc199d13000 r--p 00fc6000 08:01 271109                     /usr/lib/jvm/java-17-openjdk-amd64/lib/server/libjvm.so
7fc199d13000-7fc199d14000 ---p 01249000 08:01 271109                     /usr/lib/jvm/java-17-openjdk-amd64/lib/server/libjvm.so
7fc199d14000-7fc199dcc000 r--p 01249000 08:01 271109                     /usr/lib/jvm/java-17-openjdk-amd64/lib/server/libjvm.so
7fc199dcc000-7fc199e01000 rw-p 01301000 08:01 271109                     /usr/lib/jvm/java-17-openjdk-amd64/lib/server/libjvm.so
7fc199e01000-7fc199e5e000 rw-p 00000000 00:00 0 
7fc199e5e000-7fc199e86000 r--p 00000000 08:01 5025                       /usr/lib/x86_64-linux-gnu/libc.so.6
7fc199e86000-7fc19a01b000 r-xp 00028000 08:01 5025                       /usr/lib/x86_64-linux-gnu/libc.so.6
7fc19a01b000-7fc19a073000 r--p 001bd000 08:01 5025                       /usr/lib/x86_64-linux-gnu/libc.so.6
7fc19a073000-7fc19a074000 ---p 00215000 08:01 5025                       /usr/lib/x86_64-linux-gnu/libc.so.6
7fc19a074000-7fc19a078000 r--p 00215000 08:01 5025                       /usr/lib/x86_64-linux-gnu/libc.so.6
7fc19a078000-7fc19a07a000 rw-p 00219000 08:01 5025                       /usr/lib/x86_64-linux-gnu/libc.so.6
7fc19a07a000-7fc19a087000 rw-p 00000000 00:00 0 
7fc19a087000-7fc19a089000 r--p 00000000 08:01 271085                     /usr/lib/jvm/java-17-openjdk-amd64/lib/libjli.so
7fc19a089000-7fc19a093000 r-xp 00002000 08:01 271085                     /usr/lib/jvm/java-17-openjdk-amd64/lib/libjli.so
7fc19a093000-7fc19a096000 r--p 0000c000 08:01 271085                     /usr/lib/jvm/java-17-openjdk-amd64/lib/libjli.so
7fc19a096000-7fc19a097000 r--p 0000e000 08:01 271085                     /usr/lib/jvm/java-17-openjdk-amd64/lib/libjli.so
7fc19a097000-7fc19a098000 rw-p 0000f000 08:01 271085                     /usr/lib/jvm/java-17-openjdk-amd64/lib/libjli.so
7fc19a098000-7fc19a09a000 r--p 00000000 08:01 3908                       /usr/lib/x86_64-linux-gnu/libz.so.1.2.11
7fc19a09a000-7fc19a0ab000 r-xp 00002000 08:01 3908                       /usr/lib/x86_64-linux-gnu/libz.so.1.2.11
7fc19a0ab000-7fc19a0b1000 r--p 00013000 08:01 3908                       /usr/lib/x86_64-linux-gnu/libz.so.1.2.11
7fc19a0b1000-7fc19a0b2000 ---p 00019000 08:01 3908                       /usr/lib/x86_64-linux-gnu/libz.so.1.2.11
7fc19a0b2000-7fc19a0b3000 r--p 00019000 08:01 3908                       /usr/lib/x86_64-linux-gnu/libz.so.1.2.11
7fc19a0b3000-7fc19a0b4000 rw-p 0001a000 08:01 3908                       /usr/lib/x86_64-linux-gnu/libz.so.1.2.11
7fc19a0b9000-7fc19a0ba000 ---p 00000000 00:00 0 
7fc19a0ba000-7fc19a0bb000 r--p 00000000 00:00 0 
7fc19a0bb000-7fc19a0bd000 rw-p 00000000 00:00 0 
7fc19a0bd000-7fc19a0bf000 r--p 00000000 08:01 5019                       /usr/lib/x86_64-linux-gnu/ld-linux-x86-64.so.2
7fc19a0bf000-7fc19a0e9000 r-xp 00002000 08:01 5019                       /usr/lib/x86_64-linux-gnu/ld-linux-x86-64.so.2
7fc19a0e9000-7fc19a0f4000 r--p 0002c000 08:01 5019                       /usr/lib/x86_64-linux-gnu/ld-linux-x86-64.so.2
7fc19a0f4000-7fc19a0f5000 ---p 00000000 00:00 0 
7fc19a0f5000-7fc19a0f7000 r--p 00037000 08:01 5019                       /usr/lib/x86_64-linux-gnu/ld-linux-x86-64.so.2
7fc19a0f7000-7fc19a0f9000 rw-p 00039000 08:01 5019                       /usr/lib/x86_64-linux-gnu/ld-linux-x86-64.so.2
7ffd402fb000-7ffd4031e000 rw-p 00000000 00:00 0                          [stack]
7ffd4036e000-7ffd40372000 r--p 00000000 00:00 0                          [vvar]
7ffd40372000-7ffd40374000 r-xp 00000000 00:00 0                          [vdso]
ffffffffff600000-ffffffffff601000 --xp 00000000 00:00 0                  [vsyscall]


VM Arguments:
jvm_args: -Xmx1G -Xms1G -XX:+UseG1GC -XX:MaxGCPauseMillis=20 -XX:InitiatingHeapOccupancyPercent=35 -XX:+ExplicitGCInvokesConcurrent -XX:MaxInlineLevel=15 -Djava.awt.headless=true -Xlog:gc*:file=/opt/scripts/kafka_2.13-4.0.0/bin/../logs/kafkaServer-gc.log:time,tags:filecount=10,filesize=100M -Dcom.sun.management.jmxremote=true -Dcom.sun.management.jmxremote.authenticate=false -Dcom.sun.management.jmxremote.ssl=false -Dkafka.logs.dir=/opt/scripts/kafka_2.13-4.0.0/bin/../logs -Dlog4j2.configurationFile=bin/../config/log4j2.yaml 
java_command: kafka.Kafka config/server.properties
java_class_path (initial): /opt/scripts/kafka_2.13-4.0.0/bin/../libs/HdrHistogram-2.2.2.jar:/opt/scripts/kafka_2.13-4.0.0/bin/../libs/activation-1.1.1.jar:/opt/scripts/kafka_2.13-4.0.0/bin/../libs/aopalliance-repackaged-3.0.6.jar:/opt/scripts/kafka_2.13-4.0.0/bin/../libs/argparse4j-0.7.0.jar:/opt/scripts/kafka_2.13-4.0.0/bin/../libs/caffeine-3.1.1.jar:/opt/scripts/kafka_2.13-4.0.0/bin/../libs/classgraph-4.8.173.jar:/opt/scripts/kafka_2.13-4.0.0/bin/../libs/commons-beanutils-1.9.4.jar:/opt/scripts/kafka_2.13-4.0.0/bin/../libs/commons-collections-3.2.2.jar:/opt/scripts/kafka_2.13-4.0.0/bin/../libs/commons-digester-2.1.jar:/opt/scripts/kafka_2.13-4.0.0/bin/../libs/commons-lang3-3.12.0.jar:/opt/scripts/kafka_2.13-4.0.0/bin/../libs/commons-logging-1.3.2.jar:/opt/scripts/kafka_2.13-4.0.0/bin/../libs/commons-validator-1.9.0.jar:/opt/scripts/kafka_2.13-4.0.0/bin/../libs/connect-api-4.0.0.jar:/opt/scripts/kafka_2.13-4.0.0/bin/../libs/connect-basic-auth-extension-4.0.0.jar:/opt/scripts/kafka_2.13-4.0.0/bin/../libs/connect-json-4.0.0.jar:/opt/scripts/kafka_2.13-4.0.0/bin/../libs/connect-mirror-4.0.0.jar:/opt/scripts/kafka_2.13-4.0.0/bin/../libs/connect-mirror-client-4.0.0.jar:/opt/scripts/kafka_2.13-4.0.0/bin/../libs/connect-runtime-4.0.0.jar:/opt/scripts/kafka_2.13-4.0.0/bin/../libs/connect-transforms-4.0.0.jar:/opt/scripts/kafka_2.13-4.0.0/bin/../libs/error_prone_annotations-2.14.0.jar:/opt/scripts/kafka_2.13-4.0.0/bin/../libs/hk2-api-3.0.6.jar:/opt/scripts/kafka_2.13-4.0.0/bin/../libs/hk2-locator-3.0.6.jar:/opt/scripts/kafka_2.13-4.0.0/bin/../libs/hk2-utils-3.0.6.jar:/opt/scripts/kafka_2.13-4.0.0/bin/../libs/jackson-annotations-2.16.2.jar:/opt/scripts/kafka_2.13-4.0.0/bin/../libs/jackson-core-2.16.2.jar:/opt/scripts/kafka_2.13-4.0.0/bin/../libs/jackson-databind-2.16.2.jar:/opt/scripts/kafka_2.13-4.0.0/bin/../libs/jackson-dataformat-csv-2.16.2.jar:/opt/scripts/kafka_2.13-4.0.0/bin/../libs/jackson-dataformat-yaml-2.16.2.jar:/opt/scripts/kafka_2.13-4.0.0/bin/../libs/jackson-
Launcher Type: SUN_STANDARD

[Global flags]
     intx CICompilerCount                          = 2                                         {product} {ergonomic}
     uint ConcGCThreads                            = 1                                         {product} {ergonomic}
     bool ExplicitGCInvokesConcurrent              = true                                      {product} {command line}
     uint G1ConcRefinementThreads                  = 2                                         {product} {ergonomic}
   size_t G1HeapRegionSize                         = 1048576                                   {product} {ergonomic}
    uintx GCDrainStackTargetSize                   = 64                                        {product} {ergonomic}
   size_t InitialHeapSize                          = 1073741824                                {product} {command line}
    uintx InitiatingHeapOccupancyPercent           = 35                                        {product} {command line}
     bool ManagementServer                         = true                                      {product} {command line}
   size_t MarkStackSize                            = 4194304                                   {product} {ergonomic}
    uintx MaxGCPauseMillis                         = 20                                        {product} {command line}
   size_t MaxHeapSize                              = 1073741824                                {product} {command line}
     intx MaxInlineLevel                           = 15                                     {C2 product} {command line}
   size_t MinHeapDeltaBytes                        = 1048576                                   {product} {ergonomic}
   size_t MinHeapSize                              = 1073741824                                {product} {command line}
    uintx NonNMethodCodeHeapSize                   = 5826188                                {pd product} {ergonomic}
    uintx NonProfiledCodeHeapSize                  = 122916026                              {pd product} {ergonomic}
    uintx ProfiledCodeHeapSize                     = 122916026                              {pd product} {ergonomic}
    uintx ReservedCodeCacheSize                    = 251658240                              {pd product} {ergonomic}
     bool SegmentedCodeCache                       = true                                      {product} {ergonomic}
   size_t SoftMaxHeapSize                          = 1073741824                             {manageable} {ergonomic}
     bool UseCompressedClassPointers               = true                           {product lp64_product} {ergonomic}
     bool UseCompressedOops                        = true                           {product lp64_product} {ergonomic}
     bool UseG1GC                                  = true                                      {product} {command line}

Logging:
Log output configuration:
 #0: stdout all=warning uptime,level,tags
 #1: stderr all=off uptime,level,tags
 #2: file=/opt/scripts/kafka_2.13-4.0.0/bin/../logs/kafkaServer-gc.log all=off,gc*=info time,tags filecount=10,filesize=100M,async=false (reconfigured)

Environment Variables:
PATH=/usr/local/sbin:/usr/local/bin:/usr/sbin:/usr/bin:/sbin:/bin:/snap/bin
SHELL=/bin/bash
LANG=C.UTF-8
TERM=xterm-256color

Active Locale:
LC_ALL=C
LC_COLLATE=C
LC_CTYPE=C
LC_MESSAGES=C
LC_MONETARY=C
LC_NUMERIC=C
LC_TIME=C

Signal Handlers:
   SIGSEGV: crash_handler in libjvm.so, mask=11100100010111111101111111111110, flags=SA_RESTART|SA_SIGINFO, unblocked
    SIGBUS: crash_handler in libjvm.so, mask=11100100010111111101111111111110, flags=SA_RESTART|SA_SIGINFO, unblocked
    SIGFPE: crash_handler in libjvm.so, mask=11100100010111111101111111111110, flags=SA_RESTART|SA_SIGINFO, unblocked
   SIGPIPE: javaSignalHandler in libjvm.so, mask=11100100010111111101111111111110, flags=SA_RESTART|SA_SIGINFO, blocked
   SIGXFSZ: javaSignalHandler in libjvm.so, mask=11100100010111111101111111111110, flags=SA_RESTART|SA_SIGINFO, blocked
    SIGILL: crash_handler in libjvm.so, mask=11100100010111111101111111111110, flags=SA_RESTART|SA_SIGINFO, unblocked
   SIGUSR2: SR_handler in libjvm.so, mask=00000000000000000000000000000000, flags=SA_RESTART|SA_SIGINFO, blocked
    SIGHUP: SIG_DFL, mask=00000000000000000000000000000000, flags=none, blocked
    SIGINT: SIG_DFL, mask=00000000000000000000000000000000, flags=none, blocked
   SIGTERM: SIG_DFL, mask=00000000000000000000000000000000, flags=none, blocked
   SIGQUIT: UserHandler in libjvm.so, mask=11100100010111111101111111111110, flags=SA_RESTART|SA_SIGINFO, blocked
   SIGTRAP: crash_handler in libjvm.so, mask=11100100010111111101111111111110, flags=SA_RESTART|SA_SIGINFO, unblocked


Periodic native trim disabled


---------------  S Y S T E M  ---------------

OS:
DISTRIB_ID=Ubuntu
DISTRIB_RELEASE=22.04
DISTRIB_CODENAME=jammy
DISTRIB_DESCRIPTION="Ubuntu 22.04.5 LTS"
uname: Linux 5.15.0-140-generic #150-Ubuntu SMP Sat Apr 12 06:00:09 UTC 2025 x86_64
OS uptime: 0 days 0:09 hours
libc: glibc 2.35 NPTL 2.35 
rlimit (soft/hard): STACK 8192k/infinity , CORE 0k/0k , NPROC 3673/3673 , NOFILE 1048576/1048576 , AS infinity/infinity , CPU infinity/infinity , DATA infinity/infinity , FSIZE infinity/infinity , MEMLOCK 122524k/122524k
load average: 0.36 0.28 0.15

/proc/meminfo:
MemTotal:         980220 kB
MemFree:          224520 kB
MemAvailable:     626888 kB
Buffers:           45848 kB
Cached:           458516 kB
SwapCached:            0 kB
Active:           294180 kB
Inactive:         276236 kB
Active(anon):        940 kB
Inactive(anon):    75256 kB
Active(file):     293240 kB
Inactive(file):   200980 kB
Unevictable:       27784 kB
Mlocked:           27784 kB
SwapTotal:             0 kB
SwapFree:              0 kB
Dirty:                88 kB
Writeback:            32 kB
AnonPages:         93976 kB
Mapped:            59576 kB
Shmem:               988 kB
KReclaimable:      71284 kB
Slab:             107680 kB
SReclaimable:      71284 kB
SUnreclaim:        36396 kB
KernelStack:        2180 kB
PageTables:         2208 kB
NFS_Unstable:          0 kB
Bounce:                0 kB
WritebackTmp:          0 kB
CommitLimit:      490108 kB
Committed_AS:     447096 kB
VmallocTotal:   34359738367 kB
VmallocUsed:       14100 kB
VmallocChunk:          0 kB
Percpu:             1168 kB
HardwareCorrupted:     0 kB
AnonHugePages:         0 kB
ShmemHugePages:        0 kB
ShmemPmdMapped:        0 kB
FileHugePages:         0 kB
FilePmdMapped:         0 kB
HugePages_Total:       0
HugePages_Free:        0
HugePages_Rsvd:        0
HugePages_Surp:        0
Hugepagesize:       2048 kB
Hugetlb:               0 kB
DirectMap4k:       98240 kB
DirectMap2M:      950272 kB

/sys/kernel/mm/transparent_hugepage/enabled: always [madvise] never
/sys/kernel/mm/transparent_hugepage/hpage_pmd_size: 2097152
/sys/kernel/mm/transparent_hugepage/defrag (defrag/compaction efforts parameter): always defer defer+madvise [madvise] never

Process Memory:
Virtual Size: 746172K (peak: 1790772K)
Resident Set Size: 19196K (peak: 19196K) (anon: 5908K, file: 13288K, shmem: 0K)
Swapped out: 0K
C-Heap outstanding allocations: 8762K, retained: 517K
glibc malloc tunables: (default)

/proc/sys/kernel/threads-max (system-wide limit on the number of threads): 7347
/proc/sys/vm/max_map_count (maximum number of memory map areas a process may have): 65530
/proc/sys/vm/swappiness (control to define how aggressively the kernel swaps out anonymous memory): 60
/proc/sys/kernel/pid_max (system-wide limit on number of process identifiers): 4194304

container (cgroup) information:
container_type: cgroupv2
cpu_cpuset_cpus: not supported
cpu_memory_nodes: not supported
active_processor_count: 2
cpu_quota: not supported
cpu_period: not supported
cpu_shares: not supported
memory_limit_in_bytes: unlimited
memory_and_swap_limit_in_bytes: unlimited
memory_soft_limit_in_bytes: unlimited
memory_usage_in_bytes: 439196 k
memory_max_usage_in_bytes: not supported
memory_swap_current_in_bytes: unlimited
memory_swap_max_limit_in_bytes: unlimited
maximum number of tasks: unlimited
current number of tasks: 11

KVM virtualization detected
Steal ticks since vm start: 0
Steal ticks percentage since vm start:  0.000

CPU: total 2 (initial active 2) (2 cores per cpu, 2 threads per core) family 25 model 80 stepping 0 microcode 0xffffffff, cx8, cmov, fxsr, ht, mmx, 3dnowpref, sse, sse2, sse3, ssse3, sse4a, sse4.1, sse4.2, popcnt, lzcnt, tsc, tscinvbit, aes, clmul, bmi1, bmi2, adx, sha, clflush, clflushopt, hv
CPU Model and flags from /proc/cpuinfo:
model name	: AMD Ryzen 7 5800H with Radeon Graphics
flags		: fpu vme de pse tsc msr pae mce cx8 apic sep mtrr pge mca cmov pat pse36 clflush mmx fxsr sse sse2 ht syscall nx mmxext fxsr_opt rdtscp lm constant_tsc rep_good nopl nonstop_tsc cpuid extd_apicid tsc_known_freq pni pclmulqdq ssse3 cx16 sse4_1 sse4_2 movbe popcnt aes rdrand hypervisor lahf_lm cmp_legacy cr8_legacy abm sse4a misalignsse 3dnowprefetch vmmcall fsgsbase bmi1 bmi2 invpcid rdseed adx clflushopt sha_ni arat

Online cpus: 0-1
Offline cpus: 
BIOS frequency limitation: <Not Available>
Frequency switch latency (ns): <Not Available>
Available cpu frequencies: <Not Available>
Current governor: <Not Available>
Core performance/turbo boost: <Not Available>

Memory: 4k page, physical 980220k(224520k free), swap 0k(0k free)
Page Sizes: 4k

vm_info: OpenJDK 64-Bit Server VM (17.0.15+6-Ubuntu-0ubuntu122.04) for linux-amd64 JRE (17.0.15+6-Ubuntu-0ubuntu122.04), built on Apr 21 2025 05:41:34 by "buildd" with gcc 11.4.0

END.
